blog.views WARNING 2025-04-22 11:10:46,471 views 24097 138690619025088 Running at risk
django.request WARNING 2025-04-22 11:36:13,332 log 30133 135317903476416 Not Found: /
django.request WARNING 2025-04-22 11:36:13,348 log 30133 135317903476416 Not Found: /favicon.ico
django.request WARNING 2025-04-22 11:43:32,352 log 30133 135317876201152 Not Found: /
django.request WARNING 2025-04-22 11:43:32,414 log 30133 135317876201152 Not Found: /favicon.ico
django.request WARNING 2025-04-22 11:51:48,101 log 30133 135317340272320 Not Found: /favicon.ico
django.request WARNING 2025-04-22 11:55:51,782 log 33078 128344448976576 Bad Request: /graphql/
django.request WARNING 2025-04-22 11:55:51,850 log 33078 128344448976576 Bad Request: /graphql/
django.request WARNING 2025-04-22 11:56:05,976 log 33078 128344226002624 Bad Request: /graphql/
django.request WARNING 2025-04-22 11:56:06,029 log 33078 128344226002624 Bad Request: /graphql/
django.request WARNING 2025-04-22 11:56:30,865 log 33078 128344226002624 Bad Request: /graphql/
django.request WARNING 2025-04-22 11:56:32,264 log 33078 128344226002624 Bad Request: /graphql/
django.request WARNING 2025-04-22 11:56:36,224 log 33078 128344226002624 Bad Request: /graphql/
django.request WARNING 2025-04-22 11:56:36,891 log 33078 128344226002624 Bad Request: /graphql/
django.request WARNING 2025-04-22 11:56:37,483 log 33078 128344226002624 Bad Request: /graphql/
django.request WARNING 2025-04-22 11:56:37,680 log 33078 128344226002624 Bad Request: /graphql/
django.request WARNING 2025-04-22 11:56:37,911 log 33078 128344226002624 Bad Request: /graphql/
django.request WARNING 2025-04-22 11:56:38,120 log 33078 128344226002624 Bad Request: /graphql/
django.request WARNING 2025-04-22 11:56:38,352 log 33078 128344226002624 Bad Request: /graphql/
django.request WARNING 2025-04-22 11:56:38,616 log 33078 128344226002624 Bad Request: /graphql/
django.request WARNING 2025-04-22 11:56:39,472 log 33078 128344226002624 Bad Request: /graphql/
django.request WARNING 2025-04-22 11:56:40,680 log 33078 128344226002624 Bad Request: /graphql/
django.request WARNING 2025-04-22 12:09:53,967 log 36018 140103027828416 Bad Request: /graphql/
django.request WARNING 2025-04-22 12:11:18,439 log 36900 128586028926656 Bad Request: /graphql/
django.request WARNING 2025-04-22 12:17:40,040 log 36900 128585942689472 Bad Request: /graphql/
django.request WARNING 2025-04-22 12:17:41,779 log 36900 128585942689472 Bad Request: /graphql/
django.request WARNING 2025-04-22 12:17:43,785 log 36900 128585942689472 Bad Request: /graphql/
django.request WARNING 2025-04-22 12:17:45,750 log 36900 128585942689472 Bad Request: /graphql/
django.request WARNING 2025-04-22 12:17:48,738 log 36900 128585942689472 Bad Request: /graphql/
django.request WARNING 2025-04-22 12:18:00,261 log 38144 134292448102080 Bad Request: /graphql/
django.request WARNING 2025-04-22 12:18:01,647 log 38144 134292448102080 Bad Request: /graphql/
django.request WARNING 2025-04-22 12:18:03,129 log 38144 134292448102080 Bad Request: /graphql/
django.request WARNING 2025-04-22 12:18:04,442 log 38144 134292448102080 Bad Request: /graphql/
django.request WARNING 2025-04-22 12:18:11,206 log 38144 134292448102080 Bad Request: /graphql/
django.request WARNING 2025-04-22 12:18:53,511 log 38144 134292448102080 Bad Request: /graphql/
django.request WARNING 2025-04-22 12:18:55,394 log 38144 134292448102080 Bad Request: /graphql/
django.request WARNING 2025-04-22 12:18:56,961 log 38144 134292448102080 Bad Request: /graphql/
django.request WARNING 2025-04-22 12:19:10,638 log 38331 136185792841408 Bad Request: /graphql/
django.request WARNING 2025-04-22 12:19:11,903 log 38331 136185792841408 Bad Request: /graphql/
django.request WARNING 2025-04-22 12:19:13,087 log 38331 136185792841408 Bad Request: /graphql/
django.request WARNING 2025-04-22 12:22:54,896 log 38723 134458025522880 Bad Request: /graphql/
django.request WARNING 2025-04-22 12:23:07,692 log 38723 134458025522880 Bad Request: /graphql/
django.security.csrf WARNING 2025-04-22 13:12:51,152 log 41949 136080393844416 Forbidden (CSRF token from the 'X-Csrftoken' HTTP header incorrect.): /graphql/
django.request WARNING 2025-04-22 13:19:21,680 log 42210 129775844230848 Bad Request: /graphql/
django.request WARNING 2025-04-22 13:20:14,834 log 43254 140556223850176 Bad Request: /graphql/
django.request WARNING 2025-04-22 13:21:05,360 log 43254 140556223850176 Bad Request: /graphql/
django.request WARNING 2025-04-22 13:21:46,476 log 43659 128844087731904 Bad Request: /graphql/
django.request WARNING 2025-04-22 13:22:17,674 log 43838 137964540544704 Bad Request: /graphql/
django.request WARNING 2025-04-22 13:27:14,128 log 44803 133783854196416 Bad Request: /graphql/
django.request WARNING 2025-04-22 13:27:25,021 log 44803 133783854196416 Bad Request: /graphql/
django.request WARNING 2025-04-22 13:27:52,516 log 44803 133783854196416 Bad Request: /graphql/
django.request WARNING 2025-04-22 13:29:30,545 log 45260 140600495089344 Bad Request: /graphql/
django.request WARNING 2025-04-22 13:48:17,110 log 45260 140600495089344 Not Found: /chat/
django.request WARNING 2025-04-22 13:48:17,208 log 45260 140600495089344 Not Found: /favicon.ico
django.request WARNING 2025-04-22 13:50:28,789 log 45260 140600495089344 Bad Request: /graphql/
django.request WARNING 2025-04-22 13:50:33,409 log 45260 140600495089344 Bad Request: /graphql/
